<?xml version="1.0" encoding="UTF-8"?>
<!-- Generated by org.testng.reporters.JUnitXMLReporter -->
<testsuite hostname="PAVAN-PC" ignored="0" name="Free CRM App Test Cases" tests="13" failures="0" timestamp="26 Apr 2019 17:15:13 GMT" time="336.197" errors="0">
  <testcase name="loginPageTitleTest" time="0.056" classname="com.crm.qa.TestCases.LoginPageTest"/>
  <testcase name="verifyHomePageTitleTest" time="0.011" classname="com.crm.qa.TestCases.HomePageTest"/>
  <testcase name="verifyContactsPageLabelTest" time="0.047" classname="com.crm.qa.TestCases.ContactsPageTest"/>
  <testcase name="crmLogoImageTest" time="0.065" classname="com.crm.qa.TestCases.LoginPageTest"/>
  <testcase name="verifyUserNameTest" time="0.11" classname="com.crm.qa.TestCases.HomePageTest"/>
  <testcase name="selectSingleContactsTest" time="0.246" classname="com.crm.qa.TestCases.ContactsPageTest"/>
  <testcase name="loginTest" time="6.628" classname="com.crm.qa.TestCases.LoginPageTest"/>
  <testcase name="verifyContactsLinkTest" time="1.877" classname="com.crm.qa.TestCases.HomePageTest"/>
  <testcase name="selectMultipleContactsTest" time="0.296" classname="com.crm.qa.TestCases.ContactsPageTest"/>
  <testcase name="verifyDealsPageLinkTest" time="2.142" classname="com.crm.qa.TestCases.HomePageTest"/>
  <testcase name="validateCreateNewContactTest" time="7.139" classname="com.crm.qa.TestCases.ContactsPageTest"/>
  <testcase name="validateCreateNewContactTest" time="6.885" classname="com.crm.qa.TestCases.ContactsPageTest"/>
  <testcase name="validateCreateNewContactTest" time="7.879" classname="com.crm.qa.TestCases.ContactsPageTest"/>
</testsuite> <!-- Free CRM App Test Cases -->
