<?xml version="1.0" encoding="UTF-8"?>
<!-- Generated by org.testng.reporters.JUnitXMLReporter -->
<testsuite hostname="PAVAN-PC" ignored="0" name="Free CRM App Test Cases" tests="13" failures="0" timestamp="02 Mar 2019 10:54:54 GMT" time="318.215" errors="0">
  <testcase name="loginPageTitleTest" time="0.057" classname="com.crm.qa.TestCases.LoginPageTest"/>
  <testcase name="verifyHomePageTitleTest" time="0.01" classname="com.crm.qa.TestCases.HomePageTest"/>
  <testcase name="verifyContactsPageLabelTest" time="0.088" classname="com.crm.qa.TestCases.ContactsPageTest"/>
  <testcase name="crmLogoImageTest" time="0.096" classname="com.crm.qa.TestCases.LoginPageTest"/>
  <testcase name="verifyUserNameTest" time="0.194" classname="com.crm.qa.TestCases.HomePageTest"/>
  <testcase name="selectSingleContactsTest" time="0.192" classname="com.crm.qa.TestCases.ContactsPageTest"/>
  <testcase name="loginTest" time="6.859" classname="com.crm.qa.TestCases.LoginPageTest"/>
  <testcase name="verifyContactsLinkTest" time="1.724" classname="com.crm.qa.TestCases.HomePageTest"/>
  <testcase name="selectMultipleContactsTest" time="0.419" classname="com.crm.qa.TestCases.ContactsPageTest"/>
  <testcase name="verifyDealsPageLinkTest" time="5.581" classname="com.crm.qa.TestCases.HomePageTest"/>
  <testcase name="validateCreateNewContactTest" time="7.024" classname="com.crm.qa.TestCases.ContactsPageTest"/>
  <testcase name="validateCreateNewContactTest" time="7.566" classname="com.crm.qa.TestCases.ContactsPageTest"/>
  <testcase name="validateCreateNewContactTest" time="8.291" classname="com.crm.qa.TestCases.ContactsPageTest"/>
</testsuite> <!-- Free CRM App Test Cases -->
