<?xml version="1.0" encoding="UTF-8"?>
<!-- Generated by org.testng.reporters.JUnitXMLReporter -->
<testsuite hostname="PAVAN-PC" ignored="0" name="Default test" tests="3" failures="0" timestamp="02 Mar 2019 10:14:55 GMT" time="71.877" errors="0">
  <testcase name="loginPageTitleTest" time="0.075" classname="com.crm.qa.TestCases.LoginPageTest"/>
  <testcase name="crmLogoImageTest" time="0.456" classname="com.crm.qa.TestCases.LoginPageTest"/>
  <testcase name="loginTest" time="16.411" classname="com.crm.qa.TestCases.LoginPageTest"/>
</testsuite> <!-- Default test -->
