<?xml version="1.0" encoding="UTF-8"?>
<!-- Generated by org.testng.reporters.JUnitXMLReporter -->
<testsuite hostname="PAVAN-PC" ignored="0" name="Default test" tests="4" failures="0" timestamp="26 Apr 2019 17:03:30 GMT" time="112.43" errors="0">
  <testcase name="verifyHomePageTitleTest" time="0.019" classname="com.crm.qa.TestCases.HomePageTest"/>
  <testcase name="verifyUserNameTest" time="0.239" classname="com.crm.qa.TestCases.HomePageTest"/>
  <testcase name="verifyContactsLinkTest" time="3.476" classname="com.crm.qa.TestCases.HomePageTest"/>
  <testcase name="verifyDealsPageLinkTest" time="3.137" classname="com.crm.qa.TestCases.HomePageTest"/>
</testsuite> <!-- Default test -->
