<?xml version="1.0" encoding="UTF-8"?>
<!-- Generated by org.testng.reporters.JUnitXMLReporter -->
<testsuite hostname="PAVAN-PC" ignored="0" name="Command line test" tests="13" failures="0" timestamp="04 Mar 2019 06:39:15 GMT" time="342.248" errors="0">
  <testcase name="verifyContactsPageLabelTest" time="0.151" classname="com.crm.qa.TestCases.ContactsPageTest"/>
  <testcase name="verifyHomePageTitleTest" time="0.012" classname="com.crm.qa.TestCases.HomePageTest"/>
  <testcase name="loginPageTitleTest" time="0.01" classname="com.crm.qa.TestCases.LoginPageTest"/>
  <testcase name="selectSingleContactsTest" time="0.165" classname="com.crm.qa.TestCases.ContactsPageTest"/>
  <testcase name="verifyUserNameTest" time="0.223" classname="com.crm.qa.TestCases.HomePageTest"/>
  <testcase name="crmLogoImageTest" time="0.069" classname="com.crm.qa.TestCases.LoginPageTest"/>
  <testcase name="selectMultipleContactsTest" time="0.342" classname="com.crm.qa.TestCases.ContactsPageTest"/>
  <testcase name="verifyContactsLinkTest" time="3.709" classname="com.crm.qa.TestCases.HomePageTest"/>
  <testcase name="loginTest" time="11.626" classname="com.crm.qa.TestCases.LoginPageTest"/>
  <testcase name="validateCreateNewContactTest" time="15.416" classname="com.crm.qa.TestCases.ContactsPageTest"/>
  <testcase name="validateCreateNewContactTest" time="12.312" classname="com.crm.qa.TestCases.ContactsPageTest"/>
  <testcase name="validateCreateNewContactTest" time="13.882" classname="com.crm.qa.TestCases.ContactsPageTest"/>
  <testcase name="verifyDealsPageLinkTest" time="4.706" classname="com.crm.qa.TestCases.HomePageTest"/>
</testsuite> <!-- Command line test -->
